<?xml version="1.0" encoding="UTF-8"?>
<!-- Generated by org.testng.reporters.JUnitXMLReporter -->
<testsuite hostname="DESKTOP-JF9V1DF" failures="0" tests="6" name="Surefire test" time="31.098" errors="0" timestamp="8 Apr 2021 04:14:11 GMT">
  <testcase classname="Parallel.ParallelRun" name="runScenario" time="17.64"/>
  <testcase classname="Parallel.ParallelRun" name="runScenario" time="20.639"/>
  <testcase classname="Parallel.ParallelRun" name="runScenario" time="25.214"/>
  <testcase classname="Parallel.ParallelRun" name="runScenario" time="25.262"/>
  <testcase classname="Parallel.ParallelRun" name="runScenario" time="25.279"/>
  <testcase classname="Parallel.ParallelRun" name="runScenario" time="25.278"/>
</testsuite> <!-- Surefire test -->
