<?xml version="1.0" encoding="UTF-8"?>
<!-- Generated by org.testng.reporters.JUnitXMLReporter -->
<testsuite hostname="DESKTOP-JF9V1DF" failures="0" tests="7" name="Surefire test" time="35.591" errors="0" timestamp="6 Apr 2021 12:43:41 GMT">
  <testcase classname="Parallel.ParallelRun" name="runScenario" time="22.915"/>
  <testcase classname="Parallel.ParallelRun" name="runScenario" time="23.229"/>
  <testcase classname="Parallel.ParallelRun" name="runScenario" time="26.026"/>
  <testcase classname="Parallel.ParallelRun" name="runScenario" time="26.498"/>
  <testcase classname="Parallel.ParallelRun" name="runScenario" time="28.05"/>
  <testcase classname="Parallel.ParallelRun" name="runScenario" time="28.416"/>
  <testcase classname="Parallel.ParallelRun" name="runScenario" time="29.964"/>
</testsuite> <!-- Surefire test -->
