<?xml version="1.0" encoding="UTF-8"?>
<!-- Generated by org.testng.reporters.JUnitXMLReporter -->
<testsuite hostname="DESKTOP-JF9V1DF" failures="0" tests="7" name="Default test" time="33.039" errors="0" timestamp="8 Apr 2021 06:22:25 GMT">
  <testcase classname="Parallel.ParallelRun" name="runScenario" time="6.783">
    <skipped/>
  </testcase> <!-- runScenario -->
  <testcase classname="Parallel.ParallelRun" name="runScenario" time="23.381"/>
  <testcase classname="Parallel.ParallelRun" name="runScenario" time="23.809"/>
  <testcase classname="Parallel.ParallelRun" name="runScenario" time="26.634"/>
  <testcase classname="Parallel.ParallelRun" name="runScenario" time="26.847"/>
  <testcase classname="Parallel.ParallelRun" name="runScenario" time="26.941"/>
  <testcase classname="Parallel.ParallelRun" name="runScenario" time="27.37"/>
</testsuite> <!-- Default test -->
