<?xml version="1.0" encoding="UTF-8"?>
<testng-results total="7" passed="7" failed="0" skipped="0">
  <reporter-output>
  </reporter-output>
  <suite started-at="2021-04-06T12:43:06Z" name="Surefire suite" finished-at="2021-04-06T12:43:41Z" duration-ms="35591">
    <groups>
      <group name="cucumber">
        <method signature="AbstractTestNGCucumberTests.runScenario(io.cucumber.testng.PickleWrapper, io.cucumber.testng.FeatureWrapper)[pri:0, instance:Parallel.ParallelRun@55b699ef]" name="runScenario" class="io.cucumber.testng.AbstractTestNGCucumberTests"/>
      </group> <!-- cucumber -->
    </groups>
    <test started-at="2021-04-06T12:43:06Z" name="Surefire test" finished-at="2021-04-06T12:43:41Z" duration-ms="35591">
      <class name="Parallel.ParallelRun">
        <test-method is-config="true" signature="setUpClass()[pri:0, instance:Parallel.ParallelRun@55b699ef]" started-at="2021-04-06T18:13:06Z" name="setUpClass" finished-at="2021-04-06T18:13:06Z" duration-ms="867" status="PASS">
          <reporter-output>
          </reporter-output>
        </test-method> <!-- setUpClass -->
        <test-method signature="runScenario(io.cucumber.testng.PickleWrapper, io.cucumber.testng.FeatureWrapper)[pri:0, instance:Parallel.ParallelRun@55b699ef]" started-at="2021-04-06T18:13:06Z" name="runScenario" description="Runs Cucumber Scenarios" data-provider="scenarios" finished-at="2021-04-06T18:13:35Z" duration-ms="28050" status="PASS">
          <params>
            <param index="0">
              <value>
                <![CDATA["Contact us scenario with different sets of data"]]>
              </value>
            </param>
            <param index="1">
              <value>
                <![CDATA["Optional[Contact us feature]"]]>
              </value>
            </param>
          </params>
          <reporter-output>
          </reporter-output>
        </test-method> <!-- runScenario -->
        <test-method signature="runScenario(io.cucumber.testng.PickleWrapper, io.cucumber.testng.FeatureWrapper)[pri:0, instance:Parallel.ParallelRun@55b699ef]" started-at="2021-04-06T18:13:06Z" name="runScenario" description="Runs Cucumber Scenarios" data-provider="scenarios" finished-at="2021-04-06T18:13:33Z" duration-ms="26498" status="PASS">
          <params>
            <param index="0">
              <value>
                <![CDATA["Contact us scenario with different sets of data"]]>
              </value>
            </param>
            <param index="1">
              <value>
                <![CDATA["Optional[Contact us feature]"]]>
              </value>
            </param>
          </params>
          <reporter-output>
          </reporter-output>
        </test-method> <!-- runScenario -->
        <test-method signature="runScenario(io.cucumber.testng.PickleWrapper, io.cucumber.testng.FeatureWrapper)[pri:0, instance:Parallel.ParallelRun@55b699ef]" started-at="2021-04-06T18:13:06Z" name="runScenario" description="Runs Cucumber Scenarios" data-provider="scenarios" finished-at="2021-04-06T18:13:36Z" duration-ms="29964" status="PASS">
          <params>
            <param index="0">
              <value>
                <![CDATA["Accounts page title"]]>
              </value>
            </param>
            <param index="1">
              <value>
                <![CDATA["Optional[Account Page Feature]"]]>
              </value>
            </param>
          </params>
          <reporter-output>
          </reporter-output>
        </test-method> <!-- runScenario -->
        <test-method signature="runScenario(io.cucumber.testng.PickleWrapper, io.cucumber.testng.FeatureWrapper)[pri:0, instance:Parallel.ParallelRun@55b699ef]" started-at="2021-04-06T18:13:06Z" name="runScenario" description="Runs Cucumber Scenarios" data-provider="scenarios" finished-at="2021-04-06T18:13:35Z" duration-ms="28416" status="PASS">
          <params>
            <param index="0">
              <value>
                <![CDATA["Accounts section count"]]>
              </value>
            </param>
            <param index="1">
              <value>
                <![CDATA["Optional[Account Page Feature]"]]>
              </value>
            </param>
          </params>
          <reporter-output>
          </reporter-output>
        </test-method> <!-- runScenario -->
        <test-method signature="runScenario(io.cucumber.testng.PickleWrapper, io.cucumber.testng.FeatureWrapper)[pri:0, instance:Parallel.ParallelRun@55b699ef]" started-at="2021-04-06T18:13:06Z" name="runScenario" description="Runs Cucumber Scenarios" data-provider="scenarios" finished-at="2021-04-06T18:13:32Z" duration-ms="26026" status="PASS">
          <params>
            <param index="0">
              <value>
                <![CDATA["Login with correct credentials"]]>
              </value>
            </param>
            <param index="1">
              <value>
                <![CDATA["Optional[Login page feature]"]]>
              </value>
            </param>
          </params>
          <reporter-output>
          </reporter-output>
        </test-method> <!-- runScenario -->
        <test-method signature="runScenario(io.cucumber.testng.PickleWrapper, io.cucumber.testng.FeatureWrapper)[pri:0, instance:Parallel.ParallelRun@55b699ef]" started-at="2021-04-06T18:13:06Z" name="runScenario" description="Runs Cucumber Scenarios" data-provider="scenarios" finished-at="2021-04-06T18:13:29Z" duration-ms="22915" status="PASS">
          <params>
            <param index="0">
              <value>
                <![CDATA["Login page title"]]>
              </value>
            </param>
            <param index="1">
              <value>
                <![CDATA["Optional[Login page feature]"]]>
              </value>
            </param>
          </params>
          <reporter-output>
          </reporter-output>
        </test-method> <!-- runScenario -->
        <test-method signature="runScenario(io.cucumber.testng.PickleWrapper, io.cucumber.testng.FeatureWrapper)[pri:0, instance:Parallel.ParallelRun@55b699ef]" started-at="2021-04-06T18:13:06Z" name="runScenario" description="Runs Cucumber Scenarios" data-provider="scenarios" finished-at="2021-04-06T18:13:30Z" duration-ms="23229" status="PASS">
          <params>
            <param index="0">
              <value>
                <![CDATA["Forgot Password link"]]>
              </value>
            </param>
            <param index="1">
              <value>
                <![CDATA["Optional[Login page feature]"]]>
              </value>
            </param>
          </params>
          <reporter-output>
          </reporter-output>
        </test-method> <!-- runScenario -->
        <test-method is-config="true" signature="tearDownClass()[pri:0, instance:Parallel.ParallelRun@55b699ef]" started-at="2021-04-06T18:13:36Z" name="tearDownClass" finished-at="2021-04-06T18:13:41Z" duration-ms="4742" status="PASS">
          <reporter-output>
          </reporter-output>
        </test-method> <!-- tearDownClass -->
      </class> <!-- Parallel.ParallelRun -->
    </test> <!-- Surefire test -->
  </suite> <!-- Surefire suite -->
</testng-results>
